{"/Users/DaveMac/Fullstack/stackStore/server/db/models/user.js":{"path":"/Users/DaveMac/Fullstack/stackStore/server/db/models/user.js","s":{"1":1,"2":1,"3":1,"4":1,"5":1,"6":1,"7":1,"8":1,"9":3,"10":3,"11":3,"12":3,"13":1,"14":1,"15":1,"16":1,"17":1,"18":1,"19":1,"20":1,"21":2,"22":1},"b":{"1":[1,0],"2":[1,0]},"f":{"1":1,"2":3,"3":1,"4":2},"fnMap":{"1":{"name":"(anonymous_1)","line":36,"loc":{"start":{"line":36,"column":19},"end":{"line":36,"column":30}}},"2":{"name":"(anonymous_2)","line":40,"loc":{"start":{"line":40,"column":22},"end":{"line":40,"column":48}}},"3":{"name":"(anonymous_3)","line":47,"loc":{"start":{"line":47,"column":19},"end":{"line":47,"column":34}}},"4":{"name":"(anonymous_4)","line":66,"loc":{"start":{"line":66,"column":33},"end":{"line":66,"column":61}}}},"statementMap":{"1":{"start":{"line":2,"column":0},"end":{"line":2,"column":31}},"2":{"start":{"line":3,"column":0},"end":{"line":3,"column":35}},"3":{"start":{"line":4,"column":0},"end":{"line":4,"column":50}},"4":{"start":{"line":6,"column":0},"end":{"line":30,"column":3}},"5":{"start":{"line":32,"column":0},"end":{"line":32,"column":22}},"6":{"start":{"line":36,"column":0},"end":{"line":38,"column":2}},"7":{"start":{"line":37,"column":4},"end":{"line":37,"column":53}},"8":{"start":{"line":40,"column":0},"end":{"line":45,"column":2}},"9":{"start":{"line":41,"column":4},"end":{"line":41,"column":41}},"10":{"start":{"line":42,"column":4},"end":{"line":42,"column":27}},"11":{"start":{"line":43,"column":4},"end":{"line":43,"column":22}},"12":{"start":{"line":44,"column":4},"end":{"line":44,"column":30}},"13":{"start":{"line":47,"column":0},"end":{"line":64,"column":3}},"14":{"start":{"line":49,"column":4},"end":{"line":49,"column":20}},"15":{"start":{"line":51,"column":4},"end":{"line":54,"column":5}},"16":{"start":{"line":52,"column":8},"end":{"line":52,"column":35}},"17":{"start":{"line":53,"column":8},"end":{"line":53,"column":66}},"18":{"start":{"line":61,"column":4},"end":{"line":63,"column":5}},"19":{"start":{"line":62,"column":8},"end":{"line":62,"column":15}},"20":{"start":{"line":66,"column":0},"end":{"line":68,"column":3}},"21":{"start":{"line":67,"column":4},"end":{"line":67,"column":75}},"22":{"start":{"line":70,"column":0},"end":{"line":70,"column":31}}},"branchMap":{"1":{"line":51,"type":"if","locations":[{"start":{"line":51,"column":4},"end":{"line":51,"column":4}},{"start":{"line":51,"column":4},"end":{"line":51,"column":4}}]},"2":{"line":61,"type":"if","locations":[{"start":{"line":61,"column":4},"end":{"line":61,"column":4}},{"start":{"line":61,"column":4},"end":{"line":61,"column":4}}]}}},"/Users/DaveMac/Fullstack/stackStore/server/db/models/product.js":{"path":"/Users/DaveMac/Fullstack/stackStore/server/db/models/product.js","s":{"1":1,"2":1,"3":1,"4":1,"5":1,"6":0,"7":1},"b":{},"f":{"1":0},"fnMap":{"1":{"name":"(anonymous_1)","line":35,"loc":{"start":{"line":35,"column":19},"end":{"line":35,"column":34}}}},"statementMap":{"1":{"start":{"line":2,"column":0},"end":{"line":2,"column":31}},"2":{"start":{"line":3,"column":0},"end":{"line":3,"column":35}},"3":{"start":{"line":4,"column":0},"end":{"line":4,"column":50}},"4":{"start":{"line":6,"column":0},"end":{"line":32,"column":3}},"5":{"start":{"line":35,"column":0},"end":{"line":37,"column":3}},"6":{"start":{"line":36,"column":4},"end":{"line":36,"column":11}},"7":{"start":{"line":39,"column":0},"end":{"line":39,"column":34}}},"branchMap":{}}}