TN:
SF:/Users/DaveMac/Fullstack/stackStore/server/db/models/user.js
FN:36,(anonymous_1)
FN:40,(anonymous_2)
FN:47,(anonymous_3)
FN:66,(anonymous_4)
FNF:4
FNH:4
FNDA:1,(anonymous_1)
FNDA:3,(anonymous_2)
FNDA:1,(anonymous_3)
FNDA:2,(anonymous_4)
DA:2,1
DA:3,1
DA:4,1
DA:6,1
DA:32,1
DA:36,1
DA:37,1
DA:40,1
DA:41,3
DA:42,3
DA:43,3
DA:44,3
DA:47,1
DA:49,1
DA:51,1
DA:52,1
DA:53,1
DA:61,1
DA:62,1
DA:66,1
DA:67,2
DA:70,1
LF:22
LH:22
BRDA:51,1,0,1
BRDA:51,1,1,0
BRDA:61,2,0,1
BRDA:61,2,1,0
BRF:4
BRH:2
end_of_record
TN:
SF:/Users/DaveMac/Fullstack/stackStore/server/db/models/product.js
FN:35,(anonymous_1)
FNF:1
FNH:0
FNDA:0,(anonymous_1)
DA:2,1
DA:3,1
DA:4,1
DA:6,1
DA:35,1
DA:36,0
DA:39,1
LF:7
LH:6
BRF:0
BRH:0
end_of_record
